<?xml version="1.0" encoding="UTF-8"?>
<!-- Generated by org.testng.reporters.JUnitReportReporter -->
<testsuite hostname="hp-PC" name="MavenForJenkins.MavenJenkins.GoToURL" tests="1" failures="0" timestamp="21 Oct 2020 03:40:02 GMT" time="22.123" errors="0">
  <testcase name="test" time="22.123" classname="MavenForJenkins.MavenJenkins.GoToURL"/>
</testsuite> <!-- MavenForJenkins.MavenJenkins.GoToURL -->
